# JRE version: Java(TM) SE Runtime Environment (8.0_20-b26) (build 1.8.0_20-b26)
# Java VM: Java HotSpot(TM) 64-Bit Server VM (25.20-b23 mixed mode windows-amd64 compressed oops)
Heap:
 PSYoungGen      total 519168K, used 315745K [0x00000000d5580000, 0x00000000f9d00000, 0x0000000100000000)
  eden space 467456K, 56% used [0x00000000d5580000,0x00000000e57a05e0,0x00000000f1e00000)
  from space 51712K, 99% used [0x00000000f3000000,0x00000000f6237f18,0x00000000f6280000)
  to   space 59904K, 0% used [0x00000000f6280000,0x00000000f6280000,0x00000000f9d00000)
 ParOldGen       total 220672K, used 89896K [0x0000000080000000, 0x000000008d780000, 0x00000000d5580000)
  object space 220672K, 40% used [0x0000000080000000,0x00000000857ca1c0,0x000000008d780000)
 Metaspace       used 88238K, capacity 93624K, committed 93824K, reserved 1130496K
  class space    used 11825K, capacity 12909K, committed 12928K, reserved 1048576K
GC Heap History (10 events):
Event: 16.936 GC heap before
{Heap before GC invocations=14 (full 3):
 PSYoungGen      total 390144K, used 389430K [0x00000000d5580000, 0x00000000f1080000, 0x0000000100000000)
  eden space 369152K, 99% used [0x00000000d5580000,0x00000000ebd81718,0x00000000ebe00000)
  from space 20992K, 99% used [0x00000000efc00000,0x00000000f104c320,0x00000000f1080000)
  to   space 34304K, 0% used [0x00000000ecd80000,0x00000000ecd80000,0x00000000eef00000)
 ParOldGen       total 220672K, used 62733K [0x0000000080000000, 0x000000008d780000, 0x00000000d5580000)
  object space 220672K, 28% used [0x0000000080000000,0x0000000083d435a0,0x000000008d780000)
 Metaspace       used 59085K, capacity 61926K, committed 62208K, reserved 1103872K
  class space    used 8085K, capacity 8642K, committed 8704K, reserved 1048576K
Event: 16.953 GC heap after
Heap after GC invocations=14 (full 3):
 PSYoungGen      total 419328K, used 29523K [0x00000000d5580000, 0x00000000f4b80000, 0x0000000100000000)
  eden space 385024K, 0% used [0x00000000d5580000,0x00000000d5580000,0x00000000ecd80000)
  from space 34304K, 86% used [0x00000000ecd80000,0x00000000eea54ed8,0x00000000eef00000)
  to   space 37376K, 0% used [0x00000000f2700000,0x00000000f2700000,0x00000000f4b80000)
 ParOldGen       total 220672K, used 62741K [0x0000000080000000, 0x000000008d780000, 0x00000000d5580000)
  object space 220672K, 28% used [0x0000000080000000,0x0000000083d455a0,0x000000008d780000)
 Metaspace       used 59085K, capacity 61926K, committed 62208K, reserved 1103872K
  class space    used 8085K, capacity 8642K, committed 8704K, reserved 1048576K
}
Event: 18.233 GC heap before
{Heap before GC invocations=15 (full 3):
 PSYoungGen      total 419328K, used 414547K [0x00000000d5580000, 0x00000000f4b80000, 0x0000000100000000)
  eden space 385024K, 100% used [0x00000000d5580000,0x00000000ecd80000,0x00000000ecd80000)
  from space 34304K, 86% used [0x00000000ecd80000,0x00000000eea54ed8,0x00000000eef00000)
  to   space 37376K, 0% used [0x00000000f2700000,0x00000000f2700000,0x00000000f4b80000)
 ParOldGen       total 220672K, used 62741K [0x0000000080000000, 0x000000008d780000, 0x00000000d5580000)
  object space 220672K, 28% used [0x0000000080000000,0x0000000083d455a0,0x000000008d780000)
 Metaspace       used 59313K, capacity 62158K, committed 62208K, reserved 1103872K
  class space    used 8124K, capacity 8666K, committed 8704K, reserved 1048576K
Event: 18.249 GC heap after
Heap after GC invocations=15 (full 3):
 PSYoungGen      total 473088K, used 32469K [0x00000000d5580000, 0x00000000f6100000, 0x0000000100000000)
  eden space 435712K, 0% used [0x00000000d5580000,0x00000000d5580000,0x00000000eff00000)
  from space 37376K, 86% used [0x00000000f2700000,0x00000000f46b54e8,0x00000000f4b80000)
  to   space 40960K, 0% used [0x00000000eff00000,0x00000000eff00000,0x00000000f2700000)
 ParOldGen       total 220672K, used 62749K [0x0000000080000000, 0x000000008d780000, 0x00000000d5580000)
  object space 220672K, 28% used [0x0000000080000000,0x0000000083d475a0,0x000000008d780000)
 Metaspace       used 59313K, capacity 62158K, committed 62208K, reserved 1103872K
  class space    used 8124K, capacity 8666K, committed 8704K, reserved 1048576K
}
Event: 4376.629 GC heap before
{Heap before GC invocations=16 (full 3):
 PSYoungGen      total 473088K, used 468181K [0x00000000d5580000, 0x00000000f6100000, 0x0000000100000000)
  eden space 435712K, 100% used [0x00000000d5580000,0x00000000eff00000,0x00000000eff00000)
  from space 37376K, 86% used [0x00000000f2700000,0x00000000f46b54e8,0x00000000f4b80000)
  to   space 40960K, 0% used [0x00000000eff00000,0x00000000eff00000,0x00000000f2700000)
 ParOldGen       total 220672K, used 62749K [0x0000000080000000, 0x000000008d780000, 0x00000000d5580000)
  object space 220672K, 28% used [0x0000000080000000,0x0000000083d475a0,0x000000008d780000)
 Metaspace       used 69365K, capacity 72826K, committed 73088K, reserved 1112064K
  class space    used 9314K, capacity 10023K, committed 10112K, reserved 1048576K
Event: 4376.658 GC heap after
Heap after GC invocations=16 (full 3):
 PSYoungGen      total 476672K, used 36563K [0x00000000d5580000, 0x00000000f9500000, 0x0000000100000000)
  eden space 435712K, 0% used [0x00000000d5580000,0x00000000d5580000,0x00000000eff00000)
  from space 40960K, 89% used [0x00000000eff00000,0x00000000f22b4f78,0x00000000f2700000)
  to   space 45056K, 0% used [0x00000000f6900000,0x00000000f6900000,0x00000000f9500000)
 ParOldGen       total 220672K, used 62757K [0x0000000080000000, 0x000000008d780000, 0x00000000d5580000)
  object space 220672K, 28% used [0x0000000080000000,0x0000000083d495a0,0x000000008d780000)
 Metaspace       used 69365K, capacity 72826K, committed 73088K, reserved 1112064K
  class space    used 9314K, capacity 10023K, committed 10112K, reserved 1048576K
}
Event: 4383.238 GC heap before
{Heap before GC invocations=17 (full 3):
 PSYoungGen      total 476672K, used 472275K [0x00000000d5580000, 0x00000000f9500000, 0x0000000100000000)
  eden space 435712K, 100% used [0x00000000d5580000,0x00000000eff00000,0x00000000eff00000)
  from space 40960K, 89% used [0x00000000eff00000,0x00000000f22b4f78,0x00000000f2700000)
  to   space 45056K, 0% used [0x00000000f6900000,0x00000000f6900000,0x00000000f9500000)
 ParOldGen       total 220672K, used 62757K [0x0000000080000000, 0x000000008d780000, 0x00000000d5580000)
  object space 220672K, 28% used [0x0000000080000000,0x0000000083d495a0,0x000000008d780000)
 Metaspace       used 79752K, capacity 84544K, committed 84864K, reserved 1122304K
  class space    used 10848K, capacity 11839K, committed 11904K, reserved 1048576K
Event: 4383.275 GC heap after
Heap after GC invocations=17 (full 3):
 PSYoungGen      total 530944K, used 45047K [0x00000000d5580000, 0x00000000fa800000, 0x0000000100000000)
  eden space 485888K, 0% used [0x00000000d5580000,0x00000000d5580000,0x00000000f3000000)
  from space 45056K, 99% used [0x00000000f6900000,0x00000000f94fdf00,0x00000000f9500000)
  to   space 58368K, 0% used [0x00000000f3000000,0x00000000f3000000,0x00000000f6900000)
 ParOldGen       total 220672K, used 80980K [0x0000000080000000, 0x000000008d780000, 0x00000000d5580000)
  object space 220672K, 36% used [0x0000000080000000,0x0000000084f15140,0x000000008d780000)
 Metaspace       used 79752K, capacity 84544K, committed 84864K, reserved 1122304K
  class space    used 10848K, capacity 11839K, committed 11904K, reserved 1048576K
}
Event: 8825.892 GC heap before
{Heap before GC invocations=18 (full 3):
 PSYoungGen      total 530944K, used 530935K [0x00000000d5580000, 0x00000000fa800000, 0x0000000100000000)
  eden space 485888K, 100% used [0x00000000d5580000,0x00000000f3000000,0x00000000f3000000)
  from space 45056K, 99% used [0x00000000f6900000,0x00000000f94fdf00,0x00000000f9500000)
  to   space 58368K, 0% used [0x00000000f3000000,0x00000000f3000000,0x00000000f6900000)
 ParOldGen       total 220672K, used 80980K [0x0000000080000000, 0x000000008d780000, 0x00000000d5580000)
  object space 220672K, 36% used [0x0000000080000000,0x0000000084f15140,0x000000008d780000)
 Metaspace       used 87375K, capacity 92622K, committed 92800K, reserved 1128448K
  class space    used 11764K, capacity 12840K, committed 12928K, reserved 1048576K
Event: 8825.934 GC heap after
Heap after GC invocations=18 (full 3):
 PSYoungGen      total 519168K, used 51423K [0x00000000d5580000, 0x00000000f9d00000, 0x0000000100000000)
  eden space 467456K, 0% used [0x00000000d5580000,0x00000000d5580000,0x00000000f1e00000)
  from space 51712K, 99% used [0x00000000f3000000,0x00000000f6237f18,0x00000000f6280000)
  to   space 59904K, 0% used [0x00000000f6280000,0x00000000f6280000,0x00000000f9d00000)
 ParOldGen       total 220672K, used 89896K [0x0000000080000000, 0x000000008d780000, 0x00000000d5580000)
  object space 220672K, 40% used [0x0000000080000000,0x00000000857ca1c0,0x000000008d780000)
 Metaspace       used 87375K, capacity 92622K, committed 92800K, reserved 1128448K
  class space    used 11764K, capacity 12840K, committed 12928K, reserved 1048576K
}

